<?xml version="1.0" encoding="utf-8"?><testsuites name="pytest tests"><testsuite name="pytest" errors="0" failures="0" skipped="0" tests="15" time="1.282" timestamp="2026-04-29T14:59:50.816995+00:00" hostname="agent-env-29bbf963-2ead-4a92-b7a7-6cf076e77a21"><testcase classname="backend.tests.test_midasis_api.TestRoot" name="test_root_message" time="0.341" /><testcase classname="backend.tests.test_midasis_api.TestContactSubmit" name="test_submit_valid" time="0.064" /><testcase classname="backend.tests.test_midasis_api.TestContactSubmit" name="test_submit_each_requirement_type[US IT Staffing]" time="0.046" /><testcase classname="backend.tests.test_midasis_api.TestContactSubmit" name="test_submit_each_requirement_type[India IT Staffing]" time="0.044" /><testcase classname="backend.tests.test_midasis_api.TestContactSubmit" name="test_submit_each_requirement_type[IT Consulting]" time="0.047" /><testcase classname="backend.tests.test_midasis_api.TestContactSubmit" name="test_submit_each_requirement_type[General Inquiry]" time="0.043" /><testcase classname="backend.tests.test_midasis_api.TestContactSubmit" name="test_invalid_email" time="0.049" /><testcase classname="backend.tests.test_midasis_api.TestContactSubmit" name="test_invalid_requirement_type" time="0.042" /><testcase classname="backend.tests.test_midasis_api.TestContactSubmit" name="test_missing_required_field[name]" time="0.047" /><testcase classname="backend.tests.test_midasis_api.TestContactSubmit" name="test_missing_required_field[email]" time="0.047" /><testcase classname="backend.tests.test_midasis_api.TestContactSubmit" name="test_missing_required_field[subject]" time="0.046" /><testcase classname="backend.tests.test_midasis_api.TestContactSubmit" name="test_missing_required_field[requirement_type]" time="0.044" /><testcase classname="backend.tests.test_midasis_api.TestContactSubmit" name="test_missing_required_field[message]" time="0.162" /><testcase classname="backend.tests.test_midasis_api.TestContactSubmit" name="test_empty_string_fields_rejected" time="0.042" /><testcase classname="backend.tests.test_midasis_api.TestContactList" name="test_list_and_persistence" time="0.102" /></testsuite></testsuites>